Loading Data ...
Initializing Model ...
Configuring Model ...
Training Model ...
Epoch [1/10], Step [1/303], Loss: 4.6105, Training-time: 3.41
Epoch [1/10], Step [2/303], Loss: 3.4531, Training-time: 6.48
Epoch [1/10], Step [3/303], Loss: 4.5465, Training-time: 9.54
Epoch [1/10], Step [4/303], Loss: 3.9489, Training-time: 12.60
Epoch [1/10], Step [5/303], Loss: 3.4183, Training-time: 15.66
Epoch [1/10], Step [6/303], Loss: 3.0288, Training-time: 18.72
Epoch [1/10], Step [7/303], Loss: 3.8719, Training-time: 21.77
Epoch [1/10], Step [8/303], Loss: 3.6453, Training-time: 24.84
Epoch [1/10], Step [9/303], Loss: 3.6259, Training-time: 27.90
Epoch [1/10], Step [10/303], Loss: 3.4682, Training-time: 30.95
Epoch [1/10], Step [11/303], Loss: 9.7603, Training-time: 34.00
Epoch [1/10], Step [12/303], Loss: 9.0634, Training-time: 37.05
Epoch [1/10], Step [13/303], Loss: 9.6460, Training-time: 40.10
Epoch [1/10], Step [14/303], Loss: 11.4283, Training-time: 43.15
Epoch [1/10], Step [15/303], Loss: 11.8036, Training-time: 46.20
Epoch [1/10], Step [16/303], Loss: 11.1785, Training-time: 49.26
Epoch [1/10], Step [17/303], Loss: 10.7173, Training-time: 52.31
Epoch [1/10], Step [18/303], Loss: 10.2558, Training-time: 55.37
Epoch [1/10], Step [19/303], Loss: 9.8285, Training-time: 58.41
Epoch [1/10], Step [20/303], Loss: 9.4815, Training-time: 61.47
Epoch [1/10], Step [21/303], Loss: 9.1785, Training-time: 64.53
Epoch [1/10], Step [22/303], Loss: 8.9865, Training-time: 67.59
Epoch [1/10], Step [23/303], Loss: 8.6475, Training-time: 70.63
Epoch [1/10], Step [24/303], Loss: 8.4661, Training-time: 73.68
Epoch [1/10], Step [25/303], Loss: 8.2022, Training-time: 76.74
Epoch [1/10], Step [26/303], Loss: 7.9420, Training-time: 79.79
Epoch [1/10], Step [27/303], Loss: 7.7130, Training-time: 82.84
Epoch [1/10], Step [28/303], Loss: 7.4814, Training-time: 85.91
Epoch [1/10], Step [29/303], Loss: 7.2631, Training-time: 88.96
Epoch [1/10], Step [30/303], Loss: 7.3575, Training-time: 92.02
Epoch [1/10], Step [31/303], Loss: 7.3369, Training-time: 95.06
Epoch [1/10], Step [32/303], Loss: 7.1706, Training-time: 98.13
Epoch [1/10], Step [33/303], Loss: 7.0042, Training-time: 101.18
Epoch [1/10], Step [34/303], Loss: 6.8401, Training-time: 104.23
Epoch [1/10], Step [35/303], Loss: 6.6652, Training-time: 107.29
Epoch [1/10], Step [36/303], Loss: 6.5200, Training-time: 110.35
Epoch [1/10], Step [37/303], Loss: 6.3540, Training-time: 113.40
Epoch [1/10], Step [38/303], Loss: 6.6015, Training-time: 116.45
Epoch [1/10], Step [39/303], Loss: 6.4795, Training-time: 119.51
Epoch [1/10], Step [40/303], Loss: 6.6670, Training-time: 122.56
Epoch [1/10], Step [41/303], Loss: 6.5319, Training-time: 125.62
Epoch [1/10], Step [42/303], Loss: 6.3948, Training-time: 128.67
Epoch [1/10], Step [43/303], Loss: 6.4050, Training-time: 131.72
Epoch [1/10], Step [44/303], Loss: 6.3096, Training-time: 134.77
Epoch [1/10], Step [45/303], Loss: 6.1902, Training-time: 137.82
Epoch [1/10], Step [46/303], Loss: 6.0741, Training-time: 140.87
Epoch [1/10], Step [47/303], Loss: 6.1550, Training-time: 143.92
Epoch [1/10], Step [48/303], Loss: 6.0565, Training-time: 146.98
Epoch [1/10], Step [49/303], Loss: 5.9799, Training-time: 150.04
Epoch [1/10], Step [50/303], Loss: 5.8777, Training-time: 153.10
Epoch [1/10], Step [51/303], Loss: 5.8009, Training-time: 156.16
Epoch [1/10], Step [52/303], Loss: 5.7592, Training-time: 159.20
Epoch [1/10], Step [53/303], Loss: 5.6805, Training-time: 162.26
Epoch [1/10], Step [54/303], Loss: 5.6520, Training-time: 165.31
Epoch [1/10], Step [55/303], Loss: 5.6146, Training-time: 168.35
Epoch [1/10], Step [56/303], Loss: 5.5625, Training-time: 171.41
Epoch [1/10], Step [57/303], Loss: 5.4918, Training-time: 174.47
Epoch [1/10], Step [58/303], Loss: 5.4100, Training-time: 177.51
Epoch [1/10], Step [59/303], Loss: 5.4247, Training-time: 180.56
Epoch [1/10], Step [60/303], Loss: 5.3631, Training-time: 183.60
Epoch [1/10], Step [61/303], Loss: 5.3036, Training-time: 186.66
Epoch [1/10], Step [62/303], Loss: 5.2745, Training-time: 189.70
Epoch [1/10], Step [63/303], Loss: 5.1982, Training-time: 192.76
Epoch [1/10], Step [64/303], Loss: 5.1278, Training-time: 195.80
Epoch [1/10], Step [65/303], Loss: 5.0874, Training-time: 198.86
Epoch [1/10], Step [66/303], Loss: 5.1364, Training-time: 201.92
Epoch [1/10], Step [67/303], Loss: 5.0794, Training-time: 205.01
Epoch [1/10], Step [68/303], Loss: 5.0249, Training-time: 208.07
Epoch [1/10], Step [69/303], Loss: 4.9690, Training-time: 211.13
Epoch [1/10], Step [70/303], Loss: 4.9152, Training-time: 214.16
Epoch [1/10], Step [71/303], Loss: 4.8695, Training-time: 217.21
Epoch [1/10], Step [72/303], Loss: 4.8132, Training-time: 220.27
Epoch [1/10], Step [73/303], Loss: 4.8062, Training-time: 223.32
Epoch [1/10], Step [74/303], Loss: 4.8875, Training-time: 226.37
Epoch [1/10], Step [75/303], Loss: 4.8341, Training-time: 229.43
Epoch [1/10], Step [76/303], Loss: 4.9800, Training-time: 232.48
Epoch [1/10], Step [77/303], Loss: 4.9586, Training-time: 235.53
Epoch [1/10], Step [78/303], Loss: 4.9535, Training-time: 238.59
Epoch [1/10], Step [79/303], Loss: 4.9362, Training-time: 241.64
Epoch [1/10], Step [80/303], Loss: 4.8827, Training-time: 244.69
Epoch [1/10], Step [81/303], Loss: 4.8463, Training-time: 247.75
Epoch [1/10], Step [82/303], Loss: 4.8044, Training-time: 250.80
Epoch [1/10], Step [83/303], Loss: 4.8338, Training-time: 253.85
Epoch [1/10], Step [84/303], Loss: 4.7911, Training-time: 256.90
Epoch [1/10], Step [85/303], Loss: 4.7431, Training-time: 259.94
Epoch [1/10], Step [86/303], Loss: 4.7371, Training-time: 263.00
Epoch [1/10], Step [87/303], Loss: 4.7043, Training-time: 266.05
Epoch [1/10], Step [88/303], Loss: 4.6751, Training-time: 269.11
Epoch [1/10], Step [89/303], Loss: 4.6596, Training-time: 272.17
Epoch [1/10], Step [90/303], Loss: 4.6221, Training-time: 275.23
Epoch [1/10], Step [91/303], Loss: 4.6085, Training-time: 278.28
Epoch [1/10], Step [92/303], Loss: 4.6190, Training-time: 281.34
Epoch [1/10], Step [93/303], Loss: 4.6214, Training-time: 284.40
Epoch [1/10], Step [94/303], Loss: 4.6446, Training-time: 287.46
Epoch [1/10], Step [95/303], Loss: 4.6063, Training-time: 290.52
Epoch [1/10], Step [96/303], Loss: 4.5733, Training-time: 293.57
Epoch [1/10], Step [97/303], Loss: 4.5423, Training-time: 296.63
Epoch [1/10], Step [98/303], Loss: 4.5109, Training-time: 299.67
Epoch [1/10], Step [99/303], Loss: 4.4969, Training-time: 302.72
Epoch [1/10], Step [100/303], Loss: 4.4589, Training-time: 305.79
Epoch [1/10], Step [101/303], Loss: 4.4212, Training-time: 308.84
Epoch [1/10], Step [102/303], Loss: 4.3861, Training-time: 311.91
Epoch [1/10], Step [103/303], Loss: 4.5031, Training-time: 314.96
Epoch [1/10], Step [104/303], Loss: 4.4699, Training-time: 318.01
Epoch [1/10], Step [105/303], Loss: 4.4666, Training-time: 321.06
Epoch [1/10], Step [106/303], Loss: 4.4611, Training-time: 324.11
Epoch [1/10], Step [107/303], Loss: 4.8069, Training-time: 327.17
Epoch [1/10], Step [108/303], Loss: 4.7667, Training-time: 330.23
Epoch [1/10], Step [109/303], Loss: 4.7306, Training-time: 333.29
Epoch [1/10], Step [110/303], Loss: 4.7044, Training-time: 336.34
Epoch [1/10], Step [111/303], Loss: 4.6796, Training-time: 339.40
Epoch [1/10], Step [112/303], Loss: 4.6552, Training-time: 342.46
Epoch [1/10], Step [113/303], Loss: 5.1045, Training-time: 345.51
Epoch [1/10], Step [114/303], Loss: 5.0846, Training-time: 348.58
Epoch [1/10], Step [115/303], Loss: 5.0661, Training-time: 351.63
Epoch [1/10], Step [116/303], Loss: 5.0393, Training-time: 354.67
Epoch [1/10], Step [117/303], Loss: 5.0182, Training-time: 357.73
Epoch [1/10], Step [118/303], Loss: 4.9871, Training-time: 360.78
Epoch [1/10], Step [119/303], Loss: 4.9640, Training-time: 363.84
Epoch [1/10], Step [120/303], Loss: 4.9346, Training-time: 366.90
Epoch [1/10], Step [121/303], Loss: 4.9026, Training-time: 369.96
Epoch [1/10], Step [122/303], Loss: 4.8899, Training-time: 373.02
Epoch [1/10], Step [123/303], Loss: 4.8568, Training-time: 376.08
Epoch [1/10], Step [124/303], Loss: 4.8254, Training-time: 379.13
Epoch [1/10], Step [125/303], Loss: 5.9517, Training-time: 382.18
Epoch [1/10], Step [126/303], Loss: 5.9577, Training-time: 385.24
Epoch [1/10], Step [127/303], Loss: 5.9260, Training-time: 388.29
Epoch [1/10], Step [128/303], Loss: 5.8962, Training-time: 391.35
Epoch [1/10], Step [129/303], Loss: 5.8574, Training-time: 394.41
Epoch [1/10], Step [130/303], Loss: 5.8208, Training-time: 397.48
Epoch [1/10], Step [131/303], Loss: 5.7911, Training-time: 400.54
Epoch [1/10], Step [132/303], Loss: 5.7571, Training-time: 403.59
Epoch [1/10], Step [133/303], Loss: 5.7228, Training-time: 406.64
Epoch [1/10], Step [134/303], Loss: 5.6894, Training-time: 409.70
Epoch [1/10], Step [135/303], Loss: 5.6604, Training-time: 412.77
Epoch [1/10], Step [136/303], Loss: 5.8058, Training-time: 415.83
Epoch [1/10], Step [137/303], Loss: 5.7922, Training-time: 418.88
Epoch [1/10], Step [138/303], Loss: 5.8241, Training-time: 421.92
Epoch [1/10], Step [139/303], Loss: 5.8137, Training-time: 424.97
Epoch [1/10], Step [140/303], Loss: 5.7867, Training-time: 428.02
Epoch [1/10], Step [141/303], Loss: 5.7623, Training-time: 431.07
Epoch [1/10], Step [142/303], Loss: 5.7297, Training-time: 434.12
Epoch [1/10], Step [143/303], Loss: 5.6986, Training-time: 437.18
Epoch [1/10], Step [144/303], Loss: 5.6839, Training-time: 440.23
Epoch [1/10], Step [145/303], Loss: 5.6798, Training-time: 443.28
Epoch [1/10], Step [146/303], Loss: 5.6773, Training-time: 446.33
Epoch [1/10], Step [147/303], Loss: 5.6428, Training-time: 449.40
Epoch [1/10], Step [148/303], Loss: 5.6144, Training-time: 452.45
Epoch [1/10], Step [149/303], Loss: 5.6270, Training-time: 455.51
Epoch [1/10], Step [150/303], Loss: 5.6160, Training-time: 458.57
Epoch [1/10], Step [151/303], Loss: 5.5983, Training-time: 461.62
Epoch [1/10], Step [152/303], Loss: 5.9667, Training-time: 464.66
Epoch [1/10], Step [153/303], Loss: 5.9337, Training-time: 467.72
Epoch [1/10], Step [154/303], Loss: 5.9684, Training-time: 470.77
Epoch [1/10], Step [155/303], Loss: 5.9366, Training-time: 473.83
Epoch [1/10], Step [156/303], Loss: 5.9204, Training-time: 476.88
Epoch [1/10], Step [157/303], Loss: 5.8982, Training-time: 479.94
Epoch [1/10], Step [158/303], Loss: 5.8765, Training-time: 483.00
Epoch [1/10], Step [159/303], Loss: 5.8491, Training-time: 486.04
Epoch [1/10], Step [160/303], Loss: 5.8259, Training-time: 489.10
Epoch [1/10], Step [161/303], Loss: 5.7947, Training-time: 492.16
Epoch [1/10], Step [162/303], Loss: 5.7626, Training-time: 495.21
Epoch [1/10], Step [163/303], Loss: 6.3302, Training-time: 498.26
Epoch [1/10], Step [164/303], Loss: 6.3020, Training-time: 501.32
Epoch [1/10], Step [165/303], Loss: 6.2956, Training-time: 504.36
Epoch [1/10], Step [166/303], Loss: 6.2642, Training-time: 507.41
Epoch [1/10], Step [167/303], Loss: 6.2495, Training-time: 510.48
Epoch [1/10], Step [168/303], Loss: 6.4018, Training-time: 513.54
Epoch [1/10], Step [169/303], Loss: 6.3898, Training-time: 516.60
Epoch [1/10], Step [170/303], Loss: 6.3749, Training-time: 519.65
Epoch [1/10], Step [171/303], Loss: 6.3538, Training-time: 522.71
Epoch [1/10], Step [172/303], Loss: 6.3273, Training-time: 525.76
Epoch [1/10], Step [173/303], Loss: 6.3070, Training-time: 528.81
Epoch [1/10], Step [174/303], Loss: 6.2777, Training-time: 531.87
Epoch [1/10], Step [175/303], Loss: 6.2533, Training-time: 534.91
Epoch [1/10], Step [176/303], Loss: 6.2230, Training-time: 537.97
Epoch [1/10], Step [177/303], Loss: 6.1986, Training-time: 541.02
Epoch [1/10], Step [178/303], Loss: 6.1664, Training-time: 544.07
Epoch [1/10], Step [179/303], Loss: 6.1483, Training-time: 547.12
Epoch [1/10], Step [180/303], Loss: 6.1198, Training-time: 550.18
Epoch [1/10], Step [181/303], Loss: 6.0909, Training-time: 553.24
Epoch [1/10], Step [182/303], Loss: 6.1093, Training-time: 556.29
Epoch [1/10], Step [183/303], Loss: 6.2932, Training-time: 559.34
Epoch [1/10], Step [184/303], Loss: 6.2792, Training-time: 562.40
Epoch [1/10], Step [185/303], Loss: 6.2567, Training-time: 565.45
Epoch [1/10], Step [186/303], Loss: 6.2406, Training-time: 568.50
Epoch [1/10], Step [187/303], Loss: 6.2131, Training-time: 571.55
Epoch [1/10], Step [188/303], Loss: 6.1846, Training-time: 574.60
Epoch [1/10], Step [189/303], Loss: 6.1563, Training-time: 577.65
Epoch [1/10], Step [190/303], Loss: 6.2530, Training-time: 580.72
Epoch [1/10], Step [191/303], Loss: 6.2296, Training-time: 583.78
Epoch [1/10], Step [192/303], Loss: 6.2123, Training-time: 586.83
Epoch [1/10], Step [193/303], Loss: 6.1859, Training-time: 589.87
Epoch [1/10], Step [194/303], Loss: 6.1717, Training-time: 592.92
Epoch [1/10], Step [195/303], Loss: nan, Training-time: 595.97
Epoch [1/10], Step [196/303], Loss: nan, Training-time: 598.98
Epoch [1/10], Step [197/303], Loss: nan, Training-time: 601.99
Epoch [1/10], Step [198/303], Loss: nan, Training-time: 605.00
Epoch [1/10], Step [199/303], Loss: nan, Training-time: 608.00
Epoch [1/10], Step [200/303], Loss: nan, Training-time: 611.01
Epoch [1/10], Step [201/303], Loss: nan, Training-time: 614.02
Epoch [1/10], Step [202/303], Loss: nan, Training-time: 617.03
Epoch [1/10], Step [203/303], Loss: nan, Training-time: 620.01
Epoch [1/10], Step [204/303], Loss: nan, Training-time: 623.02
Epoch [1/10], Step [205/303], Loss: nan, Training-time: 626.01
Epoch [1/10], Step [206/303], Loss: nan, Training-time: 629.01
Epoch [1/10], Step [207/303], Loss: nan, Training-time: 632.03
Epoch [1/10], Step [208/303], Loss: nan, Training-time: 635.04
Epoch [1/10], Step [209/303], Loss: nan, Training-time: 638.05
Epoch [1/10], Step [210/303], Loss: nan, Training-time: 641.05
Epoch [1/10], Step [211/303], Loss: nan, Training-time: 644.06
Epoch [1/10], Step [212/303], Loss: nan, Training-time: 647.07
Epoch [1/10], Step [213/303], Loss: nan, Training-time: 650.08
Epoch [1/10], Step [214/303], Loss: nan, Training-time: 653.09
Epoch [1/10], Step [215/303], Loss: nan, Training-time: 656.10
Epoch [1/10], Step [216/303], Loss: nan, Training-time: 659.10
Epoch [1/10], Step [217/303], Loss: nan, Training-time: 662.12
Epoch [1/10], Step [218/303], Loss: nan, Training-time: 665.12
Epoch [1/10], Step [219/303], Loss: nan, Training-time: 668.13
Epoch [1/10], Step [220/303], Loss: nan, Training-time: 671.13
Epoch [1/10], Step [221/303], Loss: nan, Training-time: 674.13
Epoch [1/10], Step [222/303], Loss: nan, Training-time: 677.13
Epoch [1/10], Step [223/303], Loss: nan, Training-time: 680.13
Epoch [1/10], Step [224/303], Loss: nan, Training-time: 683.14
Epoch [1/10], Step [225/303], Loss: nan, Training-time: 686.14
Epoch [1/10], Step [226/303], Loss: nan, Training-time: 689.14
Epoch [1/10], Step [227/303], Loss: nan, Training-time: 692.15
Epoch [1/10], Step [228/303], Loss: nan, Training-time: 695.15
Epoch [1/10], Step [229/303], Loss: nan, Training-time: 698.15
Epoch [1/10], Step [230/303], Loss: nan, Training-time: 701.17
Epoch [1/10], Step [231/303], Loss: nan, Training-time: 704.18
Epoch [1/10], Step [232/303], Loss: nan, Training-time: 707.19
Epoch [1/10], Step [233/303], Loss: nan, Training-time: 710.20
Epoch [1/10], Step [234/303], Loss: nan, Training-time: 713.20
Epoch [1/10], Step [235/303], Loss: nan, Training-time: 716.21
Epoch [1/10], Step [236/303], Loss: nan, Training-time: 719.20
Epoch [1/10], Step [237/303], Loss: nan, Training-time: 722.21
Epoch [1/10], Step [238/303], Loss: nan, Training-time: 725.21
Epoch [1/10], Step [239/303], Loss: nan, Training-time: 728.22
Epoch [1/10], Step [240/303], Loss: nan, Training-time: 731.24
Epoch [1/10], Step [241/303], Loss: nan, Training-time: 734.25
Epoch [1/10], Step [242/303], Loss: nan, Training-time: 737.25
Epoch [1/10], Step [243/303], Loss: nan, Training-time: 740.25
Epoch [1/10], Step [244/303], Loss: nan, Training-time: 743.26
Epoch [1/10], Step [245/303], Loss: nan, Training-time: 746.27
Epoch [1/10], Step [246/303], Loss: nan, Training-time: 749.28
Epoch [1/10], Step [247/303], Loss: nan, Training-time: 752.28
Epoch [1/10], Step [248/303], Loss: nan, Training-time: 755.29
Epoch [1/10], Step [249/303], Loss: nan, Training-time: 758.30
Epoch [1/10], Step [250/303], Loss: nan, Training-time: 761.30
Epoch [1/10], Step [251/303], Loss: nan, Training-time: 764.30
Epoch [1/10], Step [252/303], Loss: nan, Training-time: 767.32
Epoch [1/10], Step [253/303], Loss: nan, Training-time: 770.34
Epoch [1/10], Step [254/303], Loss: nan, Training-time: 773.35
Epoch [1/10], Step [255/303], Loss: nan, Training-time: 776.36
Epoch [1/10], Step [256/303], Loss: nan, Training-time: 779.37
Epoch [1/10], Step [257/303], Loss: nan, Training-time: 782.39
Epoch [1/10], Step [258/303], Loss: nan, Training-time: 785.40
Epoch [1/10], Step [259/303], Loss: nan, Training-time: 788.42
Epoch [1/10], Step [260/303], Loss: nan, Training-time: 791.43
Epoch [1/10], Step [261/303], Loss: nan, Training-time: 794.44
Epoch [1/10], Step [262/303], Loss: nan, Training-time: 797.45
Epoch [1/10], Step [263/303], Loss: nan, Training-time: 800.46
Epoch [1/10], Step [264/303], Loss: nan, Training-time: 803.48
Epoch [1/10], Step [265/303], Loss: nan, Training-time: 806.49
Epoch [1/10], Step [266/303], Loss: nan, Training-time: 809.49
Epoch [1/10], Step [267/303], Loss: nan, Training-time: 812.49
Epoch [1/10], Step [268/303], Loss: nan, Training-time: 815.50
Epoch [1/10], Step [269/303], Loss: nan, Training-time: 818.51
Epoch [1/10], Step [270/303], Loss: nan, Training-time: 821.52
Epoch [1/10], Step [271/303], Loss: nan, Training-time: 824.53
Epoch [1/10], Step [272/303], Loss: nan, Training-time: 827.54
Epoch [1/10], Step [273/303], Loss: nan, Training-time: 830.54
Epoch [1/10], Step [274/303], Loss: nan, Training-time: 833.54
Epoch [1/10], Step [275/303], Loss: nan, Training-time: 836.55
Epoch [1/10], Step [276/303], Loss: nan, Training-time: 839.56
Epoch [1/10], Step [277/303], Loss: nan, Training-time: 842.56
Epoch [1/10], Step [278/303], Loss: nan, Training-time: 845.56
Epoch [1/10], Step [279/303], Loss: nan, Training-time: 848.57
Epoch [1/10], Step [280/303], Loss: nan, Training-time: 851.57
Epoch [1/10], Step [281/303], Loss: nan, Training-time: 854.58
Epoch [1/10], Step [282/303], Loss: nan, Training-time: 857.59
Epoch [1/10], Step [283/303], Loss: nan, Training-time: 860.60
Epoch [1/10], Step [284/303], Loss: nan, Training-time: 863.61
Epoch [1/10], Step [285/303], Loss: nan, Training-time: 866.62
Epoch [1/10], Step [286/303], Loss: nan, Training-time: 869.62
Epoch [1/10], Step [287/303], Loss: nan, Training-time: 872.64
Epoch [1/10], Step [288/303], Loss: nan, Training-time: 875.65
Epoch [1/10], Step [289/303], Loss: nan, Training-time: 878.65
Epoch [1/10], Step [290/303], Loss: nan, Training-time: 881.66
Epoch [1/10], Step [291/303], Loss: nan, Training-time: 884.67
Epoch [1/10], Step [292/303], Loss: nan, Training-time: 887.67
Epoch [1/10], Step [293/303], Loss: nan, Training-time: 890.68
Epoch [1/10], Step [294/303], Loss: nan, Training-time: 893.69
Epoch [1/10], Step [295/303], Loss: nan, Training-time: 896.68
Epoch [1/10], Step [296/303], Loss: nan, Training-time: 899.69
Epoch [1/10], Step [297/303], Loss: nan, Training-time: 902.69
Epoch [1/10], Step [298/303], Loss: nan, Training-time: 905.66
Epoch [1/10], Step [299/303], Loss: nan, Training-time: 908.65
Epoch [1/10], Step [300/303], Loss: nan, Training-time: 911.63
Epoch [1/10], Step [301/303], Loss: nan, Training-time: 914.62
Epoch [1/10], Step [302/303], Loss: nan, Training-time: 917.61
Epoch [1/10], Step [303/303], Loss: nan, Training-time: 918.32
Epoch [2/10], Step [1/303], Loss: nan, Training-time: 921.63
Epoch [2/10], Step [2/303], Loss: nan, Training-time: 924.65
Epoch [2/10], Step [3/303], Loss: nan, Training-time: 927.65
Epoch [2/10], Step [4/303], Loss: nan, Training-time: 930.65
Epoch [2/10], Step [5/303], Loss: nan, Training-time: 933.65
Epoch [2/10], Step [6/303], Loss: nan, Training-time: 936.65
Epoch [2/10], Step [7/303], Loss: nan, Training-time: 939.66
Epoch [2/10], Step [8/303], Loss: nan, Training-time: 942.66
Epoch [2/10], Step [9/303], Loss: nan, Training-time: 945.67
Epoch [2/10], Step [10/303], Loss: nan, Training-time: 948.66
Epoch [2/10], Step [11/303], Loss: nan, Training-time: 951.66
Epoch [2/10], Step [12/303], Loss: nan, Training-time: 954.66
Epoch [2/10], Step [13/303], Loss: nan, Training-time: 957.65
Epoch [2/10], Step [14/303], Loss: nan, Training-time: 960.63
Epoch [2/10], Step [15/303], Loss: nan, Training-time: 963.63
Epoch [2/10], Step [16/303], Loss: nan, Training-time: 966.64
Epoch [2/10], Step [17/303], Loss: nan, Training-time: 969.63
Epoch [2/10], Step [18/303], Loss: nan, Training-time: 972.63
Epoch [2/10], Step [19/303], Loss: nan, Training-time: 975.63
Epoch [2/10], Step [20/303], Loss: nan, Training-time: 978.65
Epoch [2/10], Step [21/303], Loss: nan, Training-time: 981.64
Epoch [2/10], Step [22/303], Loss: nan, Training-time: 984.65
Epoch [2/10], Step [23/303], Loss: nan, Training-time: 987.65
Epoch [2/10], Step [24/303], Loss: nan, Training-time: 990.65
Epoch [2/10], Step [25/303], Loss: nan, Training-time: 993.66
Epoch [2/10], Step [26/303], Loss: nan, Training-time: 996.65
Epoch [2/10], Step [27/303], Loss: nan, Training-time: 999.67
Epoch [2/10], Step [28/303], Loss: nan, Training-time: 1002.67
Epoch [2/10], Step [29/303], Loss: nan, Training-time: 1005.67
Epoch [2/10], Step [30/303], Loss: nan, Training-time: 1008.66
Epoch [2/10], Step [31/303], Loss: nan, Training-time: 1011.66
Epoch [2/10], Step [32/303], Loss: nan, Training-time: 1014.66
Epoch [2/10], Step [33/303], Loss: nan, Training-time: 1017.66
Epoch [2/10], Step [34/303], Loss: nan, Training-time: 1020.66
Epoch [2/10], Step [35/303], Loss: nan, Training-time: 1023.67
Epoch [2/10], Step [36/303], Loss: nan, Training-time: 1026.66
Epoch [2/10], Step [37/303], Loss: nan, Training-time: 1029.67
Epoch [2/10], Step [38/303], Loss: nan, Training-time: 1032.65
Epoch [2/10], Step [39/303], Loss: nan, Training-time: 1035.64
Epoch [2/10], Step [40/303], Loss: nan, Training-time: 1038.64
Epoch [2/10], Step [41/303], Loss: nan, Training-time: 1041.64
Epoch [2/10], Step [42/303], Loss: nan, Training-time: 1044.62
Epoch [2/10], Step [43/303], Loss: nan, Training-time: 1047.62
Epoch [2/10], Step [44/303], Loss: nan, Training-time: 1050.61
Epoch [2/10], Step [45/303], Loss: nan, Training-time: 1053.61
Epoch [2/10], Step [46/303], Loss: nan, Training-time: 1056.60
Epoch [2/10], Step [47/303], Loss: nan, Training-time: 1059.61
Epoch [2/10], Step [48/303], Loss: nan, Training-time: 1062.61
Epoch [2/10], Step [49/303], Loss: nan, Training-time: 1065.62
Epoch [2/10], Step [50/303], Loss: nan, Training-time: 1068.63
Epoch [2/10], Step [51/303], Loss: nan, Training-time: 1071.64
Epoch [2/10], Step [52/303], Loss: nan, Training-time: 1074.63
Epoch [2/10], Step [53/303], Loss: nan, Training-time: 1077.64
Epoch [2/10], Step [54/303], Loss: nan, Training-time: 1080.64
Epoch [2/10], Step [55/303], Loss: nan, Training-time: 1083.65
Epoch [2/10], Step [56/303], Loss: nan, Training-time: 1086.66
Epoch [2/10], Step [57/303], Loss: nan, Training-time: 1089.66
Epoch [2/10], Step [58/303], Loss: nan, Training-time: 1092.65
Epoch [2/10], Step [59/303], Loss: nan, Training-time: 1095.65
Epoch [2/10], Step [60/303], Loss: nan, Training-time: 1098.65
Epoch [2/10], Step [61/303], Loss: nan, Training-time: 1101.66
Epoch [2/10], Step [62/303], Loss: nan, Training-time: 1104.66
Epoch [2/10], Step [63/303], Loss: nan, Training-time: 1107.65
Epoch [2/10], Step [64/303], Loss: nan, Training-time: 1110.66
Epoch [2/10], Step [65/303], Loss: nan, Training-time: 1113.65
Epoch [2/10], Step [66/303], Loss: nan, Training-time: 1116.65
Epoch [2/10], Step [67/303], Loss: nan, Training-time: 1119.66
Epoch [2/10], Step [68/303], Loss: nan, Training-time: 1122.67
Epoch [2/10], Step [69/303], Loss: nan, Training-time: 1125.68
Epoch [2/10], Step [70/303], Loss: nan, Training-time: 1128.68
Epoch [2/10], Step [71/303], Loss: nan, Training-time: 1131.67
Epoch [2/10], Step [72/303], Loss: nan, Training-time: 1134.67
Epoch [2/10], Step [73/303], Loss: nan, Training-time: 1137.68
Epoch [2/10], Step [74/303], Loss: nan, Training-time: 1140.68
Epoch [2/10], Step [75/303], Loss: nan, Training-time: 1143.68
Epoch [2/10], Step [76/303], Loss: nan, Training-time: 1146.69
Epoch [2/10], Step [77/303], Loss: nan, Training-time: 1149.68
Epoch [2/10], Step [78/303], Loss: nan, Training-time: 1152.68
Epoch [2/10], Step [79/303], Loss: nan, Training-time: 1155.68
Epoch [2/10], Step [80/303], Loss: nan, Training-time: 1158.67
Epoch [2/10], Step [81/303], Loss: nan, Training-time: 1161.67
Epoch [2/10], Step [82/303], Loss: nan, Training-time: 1164.67
Epoch [2/10], Step [83/303], Loss: nan, Training-time: 1167.67
Epoch [2/10], Step [84/303], Loss: nan, Training-time: 1170.67
Epoch [2/10], Step [85/303], Loss: nan, Training-time: 1173.68
Epoch [2/10], Step [86/303], Loss: nan, Training-time: 1176.68
Epoch [2/10], Step [87/303], Loss: nan, Training-time: 1179.68
Epoch [2/10], Step [88/303], Loss: nan, Training-time: 1182.68
Epoch [2/10], Step [89/303], Loss: nan, Training-time: 1185.67
Epoch [2/10], Step [90/303], Loss: nan, Training-time: 1188.69
Epoch [2/10], Step [91/303], Loss: nan, Training-time: 1191.69
Epoch [2/10], Step [92/303], Loss: nan, Training-time: 1194.71
Epoch [2/10], Step [93/303], Loss: nan, Training-time: 1197.71
Epoch [2/10], Step [94/303], Loss: nan, Training-time: 1200.71
Epoch [2/10], Step [95/303], Loss: nan, Training-time: 1203.72
Epoch [2/10], Step [96/303], Loss: nan, Training-time: 1206.71
Epoch [2/10], Step [97/303], Loss: nan, Training-time: 1209.70
Epoch [2/10], Step [98/303], Loss: nan, Training-time: 1212.70
Epoch [2/10], Step [99/303], Loss: nan, Training-time: 1215.71
Epoch [2/10], Step [100/303], Loss: nan, Training-time: 1218.71
Epoch [2/10], Step [101/303], Loss: nan, Training-time: 1221.73
Epoch [2/10], Step [102/303], Loss: nan, Training-time: 1224.73
Epoch [2/10], Step [103/303], Loss: nan, Training-time: 1227.73
Epoch [2/10], Step [104/303], Loss: nan, Training-time: 1230.74
Epoch [2/10], Step [105/303], Loss: nan, Training-time: 1233.74
Epoch [2/10], Step [106/303], Loss: nan, Training-time: 1236.74
Epoch [2/10], Step [107/303], Loss: nan, Training-time: 1239.74
Epoch [2/10], Step [108/303], Loss: nan, Training-time: 1242.74
Epoch [2/10], Step [109/303], Loss: nan, Training-time: 1245.74
Epoch [2/10], Step [110/303], Loss: nan, Training-time: 1248.75
Epoch [2/10], Step [111/303], Loss: nan, Training-time: 1251.75
Epoch [2/10], Step [112/303], Loss: nan, Training-time: 1254.74
Epoch [2/10], Step [113/303], Loss: nan, Training-time: 1257.74
Epoch [2/10], Step [114/303], Loss: nan, Training-time: 1260.75
Epoch [2/10], Step [115/303], Loss: nan, Training-time: 1263.74
Epoch [2/10], Step [116/303], Loss: nan, Training-time: 1266.74
Epoch [2/10], Step [117/303], Loss: nan, Training-time: 1269.75
Epoch [2/10], Step [118/303], Loss: nan, Training-time: 1272.76
Epoch [2/10], Step [119/303], Loss: nan, Training-time: 1275.76
Epoch [2/10], Step [120/303], Loss: nan, Training-time: 1278.75
Epoch [2/10], Step [121/303], Loss: nan, Training-time: 1281.76
Epoch [2/10], Step [122/303], Loss: nan, Training-time: 1284.76
Epoch [2/10], Step [123/303], Loss: nan, Training-time: 1287.77
Epoch [2/10], Step [124/303], Loss: nan, Training-time: 1290.77
Epoch [2/10], Step [125/303], Loss: nan, Training-time: 1293.77
Epoch [2/10], Step [126/303], Loss: nan, Training-time: 1296.78
Epoch [2/10], Step [127/303], Loss: nan, Training-time: 1299.76
Epoch [2/10], Step [128/303], Loss: nan, Training-time: 1302.78
Epoch [2/10], Step [129/303], Loss: nan, Training-time: 1305.79
Epoch [2/10], Step [130/303], Loss: nan, Training-time: 1308.79
Epoch [2/10], Step [131/303], Loss: nan, Training-time: 1311.80
Epoch [2/10], Step [132/303], Loss: nan, Training-time: 1314.81
Epoch [2/10], Step [133/303], Loss: nan, Training-time: 1317.80
Epoch [2/10], Step [134/303], Loss: nan, Training-time: 1320.79
Epoch [2/10], Step [135/303], Loss: nan, Training-time: 1323.79
Epoch [2/10], Step [136/303], Loss: nan, Training-time: 1326.79
Epoch [2/10], Step [137/303], Loss: nan, Training-time: 1329.78
Epoch [2/10], Step [138/303], Loss: nan, Training-time: 1332.78
Epoch [2/10], Step [139/303], Loss: nan, Training-time: 1335.79
Epoch [2/10], Step [140/303], Loss: nan, Training-time: 1338.80
Epoch [2/10], Step [141/303], Loss: nan, Training-time: 1341.81
Epoch [2/10], Step [142/303], Loss: nan, Training-time: 1344.81
Epoch [2/10], Step [143/303], Loss: nan, Training-time: 1347.80
Epoch [2/10], Step [144/303], Loss: nan, Training-time: 1350.81
Epoch [2/10], Step [145/303], Loss: nan, Training-time: 1353.83
Epoch [2/10], Step [146/303], Loss: nan, Training-time: 1356.83
Epoch [2/10], Step [147/303], Loss: nan, Training-time: 1359.84
Epoch [2/10], Step [148/303], Loss: nan, Training-time: 1362.85
Epoch [2/10], Step [149/303], Loss: nan, Training-time: 1365.83
Epoch [2/10], Step [150/303], Loss: nan, Training-time: 1368.83
Epoch [2/10], Step [151/303], Loss: nan, Training-time: 1371.83
Epoch [2/10], Step [152/303], Loss: nan, Training-time: 1374.84
Epoch [2/10], Step [153/303], Loss: nan, Training-time: 1377.84
Epoch [2/10], Step [154/303], Loss: nan, Training-time: 1380.83
Epoch [2/10], Step [155/303], Loss: nan, Training-time: 1383.84
Epoch [2/10], Step [156/303], Loss: nan, Training-time: 1386.85
Epoch [2/10], Step [157/303], Loss: nan, Training-time: 1389.85
Epoch [2/10], Step [158/303], Loss: nan, Training-time: 1392.85
Epoch [2/10], Step [159/303], Loss: nan, Training-time: 1395.86
Epoch [2/10], Step [160/303], Loss: nan, Training-time: 1398.88
Epoch [2/10], Step [161/303], Loss: nan, Training-time: 1401.87
Epoch [2/10], Step [162/303], Loss: nan, Training-time: 1404.87
Epoch [2/10], Step [163/303], Loss: nan, Training-time: 1407.88
Epoch [2/10], Step [164/303], Loss: nan, Training-time: 1410.87
Epoch [2/10], Step [165/303], Loss: nan, Training-time: 1413.88
Epoch [2/10], Step [166/303], Loss: nan, Training-time: 1416.89
Epoch [2/10], Step [167/303], Loss: nan, Training-time: 1419.89
Epoch [2/10], Step [168/303], Loss: nan, Training-time: 1422.89
Epoch [2/10], Step [169/303], Loss: nan, Training-time: 1425.89
Epoch [2/10], Step [170/303], Loss: nan, Training-time: 1428.90
Epoch [2/10], Step [171/303], Loss: nan, Training-time: 1431.90
Epoch [2/10], Step [172/303], Loss: nan, Training-time: 1434.90
Epoch [2/10], Step [173/303], Loss: nan, Training-time: 1437.90
Epoch [2/10], Step [174/303], Loss: nan, Training-time: 1440.90
Epoch [2/10], Step [175/303], Loss: nan, Training-time: 1443.91
Epoch [2/10], Step [176/303], Loss: nan, Training-time: 1446.91
Epoch [2/10], Step [177/303], Loss: nan, Training-time: 1449.92
Epoch [2/10], Step [178/303], Loss: nan, Training-time: 1452.92
Epoch [2/10], Step [179/303], Loss: nan, Training-time: 1455.92
Epoch [2/10], Step [180/303], Loss: nan, Training-time: 1458.94
Epoch [2/10], Step [181/303], Loss: nan, Training-time: 1461.94
Epoch [2/10], Step [182/303], Loss: nan, Training-time: 1464.94
Epoch [2/10], Step [183/303], Loss: nan, Training-time: 1467.94
Epoch [2/10], Step [184/303], Loss: nan, Training-time: 1470.94
Epoch [2/10], Step [185/303], Loss: nan, Training-time: 1473.95
Epoch [2/10], Step [186/303], Loss: nan, Training-time: 1476.94
Epoch [2/10], Step [187/303], Loss: nan, Training-time: 1479.95
Epoch [2/10], Step [188/303], Loss: nan, Training-time: 1482.96
Epoch [2/10], Step [189/303], Loss: nan, Training-time: 1485.97
Epoch [2/10], Step [190/303], Loss: nan, Training-time: 1488.97
Epoch [2/10], Step [191/303], Loss: nan, Training-time: 1491.96
Epoch [2/10], Step [192/303], Loss: nan, Training-time: 1494.96
Epoch [2/10], Step [193/303], Loss: nan, Training-time: 1497.97
Epoch [2/10], Step [194/303], Loss: nan, Training-time: 1500.97
Epoch [2/10], Step [195/303], Loss: nan, Training-time: 1503.98
Epoch [2/10], Step [196/303], Loss: nan, Training-time: 1506.99
Epoch [2/10], Step [197/303], Loss: nan, Training-time: 1509.99
Epoch [2/10], Step [198/303], Loss: nan, Training-time: 1512.99
Epoch [2/10], Step [199/303], Loss: nan, Training-time: 1515.99
Epoch [2/10], Step [200/303], Loss: nan, Training-time: 1518.98
Epoch [2/10], Step [201/303], Loss: nan, Training-time: 1521.99
Epoch [2/10], Step [202/303], Loss: nan, Training-time: 1525.00
Epoch [2/10], Step [203/303], Loss: nan, Training-time: 1528.01
Epoch [2/10], Step [204/303], Loss: nan, Training-time: 1531.02
Epoch [2/10], Step [205/303], Loss: nan, Training-time: 1534.01
Epoch [2/10], Step [206/303], Loss: nan, Training-time: 1537.01
Epoch [2/10], Step [207/303], Loss: nan, Training-time: 1540.02
Epoch [2/10], Step [208/303], Loss: nan, Training-time: 1543.02
Epoch [2/10], Step [209/303], Loss: nan, Training-time: 1546.02
Epoch [2/10], Step [210/303], Loss: nan, Training-time: 1549.02
Epoch [2/10], Step [211/303], Loss: nan, Training-time: 1552.02
Epoch [2/10], Step [212/303], Loss: nan, Training-time: 1555.02
Epoch [2/10], Step [213/303], Loss: nan, Training-time: 1558.02
Epoch [2/10], Step [214/303], Loss: nan, Training-time: 1561.02
Epoch [2/10], Step [215/303], Loss: nan, Training-time: 1564.02
Epoch [2/10], Step [216/303], Loss: nan, Training-time: 1567.03
Epoch [2/10], Step [217/303], Loss: nan, Training-time: 1570.03
Epoch [2/10], Step [218/303], Loss: nan, Training-time: 1573.04
Epoch [2/10], Step [219/303], Loss: nan, Training-time: 1576.04
Epoch [2/10], Step [220/303], Loss: nan, Training-time: 1579.03
Epoch [2/10], Step [221/303], Loss: nan, Training-time: 1582.03
Epoch [2/10], Step [222/303], Loss: nan, Training-time: 1585.04
Epoch [2/10], Step [223/303], Loss: nan, Training-time: 1588.03
Epoch [2/10], Step [224/303], Loss: nan, Training-time: 1591.03
Epoch [2/10], Step [225/303], Loss: nan, Training-time: 1594.03
Epoch [2/10], Step [226/303], Loss: nan, Training-time: 1597.03
Epoch [2/10], Step [227/303], Loss: nan, Training-time: 1600.04
Epoch [2/10], Step [228/303], Loss: nan, Training-time: 1603.04
Epoch [2/10], Step [229/303], Loss: nan, Training-time: 1606.04
Epoch [2/10], Step [230/303], Loss: nan, Training-time: 1609.04
Epoch [2/10], Step [231/303], Loss: nan, Training-time: 1612.04
Epoch [2/10], Step [232/303], Loss: nan, Training-time: 1615.04
Epoch [2/10], Step [233/303], Loss: nan, Training-time: 1618.04
Epoch [2/10], Step [234/303], Loss: nan, Training-time: 1621.04
Epoch [2/10], Step [235/303], Loss: nan, Training-time: 1624.05
Epoch [2/10], Step [236/303], Loss: nan, Training-time: 1627.05
Epoch [2/10], Step [237/303], Loss: nan, Training-time: 1630.05
Epoch [2/10], Step [238/303], Loss: nan, Training-time: 1633.06
Epoch [2/10], Step [239/303], Loss: nan, Training-time: 1636.05
Epoch [2/10], Step [240/303], Loss: nan, Training-time: 1639.07
Epoch [2/10], Step [241/303], Loss: nan, Training-time: 1642.08
Epoch [2/10], Step [242/303], Loss: nan, Training-time: 1645.09
Epoch [2/10], Step [243/303], Loss: nan, Training-time: 1648.09
Epoch [2/10], Step [244/303], Loss: nan, Training-time: 1651.10
Epoch [2/10], Step [245/303], Loss: nan, Training-time: 1654.11
Epoch [2/10], Step [246/303], Loss: nan, Training-time: 1657.10
Epoch [2/10], Step [247/303], Loss: nan, Training-time: 1660.10
Epoch [2/10], Step [248/303], Loss: nan, Training-time: 1663.11
Epoch [2/10], Step [249/303], Loss: nan, Training-time: 1666.12
Epoch [2/10], Step [250/303], Loss: nan, Training-time: 1669.12
Epoch [2/10], Step [251/303], Loss: nan, Training-time: 1672.10
Epoch [2/10], Step [252/303], Loss: nan, Training-time: 1675.12
Epoch [2/10], Step [253/303], Loss: nan, Training-time: 1678.13
Epoch [2/10], Step [254/303], Loss: nan, Training-time: 1681.13
Epoch [2/10], Step [255/303], Loss: nan, Training-time: 1684.13
Epoch [2/10], Step [256/303], Loss: nan, Training-time: 1687.14
Epoch [2/10], Step [257/303], Loss: nan, Training-time: 1690.14
Epoch [2/10], Step [258/303], Loss: nan, Training-time: 1693.14
Epoch [2/10], Step [259/303], Loss: nan, Training-time: 1696.13
Epoch [2/10], Step [260/303], Loss: nan, Training-time: 1699.12
Epoch [2/10], Step [261/303], Loss: nan, Training-time: 1702.13
Epoch [2/10], Step [262/303], Loss: nan, Training-time: 1705.13
Epoch [2/10], Step [263/303], Loss: nan, Training-time: 1708.14
Epoch [2/10], Step [264/303], Loss: nan, Training-time: 1711.14
Epoch [2/10], Step [265/303], Loss: nan, Training-time: 1714.15
Epoch [2/10], Step [266/303], Loss: nan, Training-time: 1717.16
Epoch [2/10], Step [267/303], Loss: nan, Training-time: 1720.18
Epoch [2/10], Step [268/303], Loss: nan, Training-time: 1723.18
Epoch [2/10], Step [269/303], Loss: nan, Training-time: 1726.18
Epoch [2/10], Step [270/303], Loss: nan, Training-time: 1729.18
Epoch [2/10], Step [271/303], Loss: nan, Training-time: 1732.20
Epoch [2/10], Step [272/303], Loss: nan, Training-time: 1735.19
Epoch [2/10], Step [273/303], Loss: nan, Training-time: 1738.19
Epoch [2/10], Step [274/303], Loss: nan, Training-time: 1741.18
Epoch [2/10], Step [275/303], Loss: nan, Training-time: 1744.18
Epoch [2/10], Step [276/303], Loss: nan, Training-time: 1747.18
Epoch [2/10], Step [277/303], Loss: nan, Training-time: 1750.19
Epoch [2/10], Step [278/303], Loss: nan, Training-time: 1753.19
Epoch [2/10], Step [279/303], Loss: nan, Training-time: 1756.21
Epoch [2/10], Step [280/303], Loss: nan, Training-time: 1759.22
Epoch [2/10], Step [281/303], Loss: nan, Training-time: 1762.24
Epoch [2/10], Step [282/303], Loss: nan, Training-time: 1765.26
Epoch [2/10], Step [283/303], Loss: nan, Training-time: 1768.27
Epoch [2/10], Step [284/303], Loss: nan, Training-time: 1771.27
Epoch [2/10], Step [285/303], Loss: nan, Training-time: 1774.27
Epoch [2/10], Step [286/303], Loss: nan, Training-time: 1777.28
Epoch [2/10], Step [287/303], Loss: nan, Training-time: 1780.28
Epoch [2/10], Step [288/303], Loss: nan, Training-time: 1783.28
Epoch [2/10], Step [289/303], Loss: nan, Training-time: 1786.27
Epoch [2/10], Step [290/303], Loss: nan, Training-time: 1789.26
Epoch [2/10], Step [291/303], Loss: nan, Training-time: 1792.25
Epoch [2/10], Step [292/303], Loss: nan, Training-time: 1795.25
Epoch [2/10], Step [293/303], Loss: nan, Training-time: 1798.25
Epoch [2/10], Step [294/303], Loss: nan, Training-time: 1801.26
Epoch [2/10], Step [295/303], Loss: nan, Training-time: 1804.26
Epoch [2/10], Step [296/303], Loss: nan, Training-time: 1807.27
Epoch [2/10], Step [297/303], Loss: nan, Training-time: 1810.25
Epoch [2/10], Step [298/303], Loss: nan, Training-time: 1813.24
Epoch [2/10], Step [299/303], Loss: nan, Training-time: 1816.21
Epoch [2/10], Step [300/303], Loss: nan, Training-time: 1819.18
Epoch [2/10], Step [301/303], Loss: nan, Training-time: 1822.15
Epoch [2/10], Step [302/303], Loss: nan, Training-time: 1825.12
Epoch [2/10], Step [303/303], Loss: nan, Training-time: 1825.85
Epoch [3/10], Step [1/303], Loss: nan, Training-time: 1829.17
Epoch [3/10], Step [2/303], Loss: nan, Training-time: 1832.17
Epoch [3/10], Step [3/303], Loss: nan, Training-time: 1835.17
Epoch [3/10], Step [4/303], Loss: nan, Training-time: 1838.18
Epoch [3/10], Step [5/303], Loss: nan, Training-time: 1841.17
Epoch [3/10], Step [6/303], Loss: nan, Training-time: 1844.18
Epoch [3/10], Step [7/303], Loss: nan, Training-time: 1847.18
Epoch [3/10], Step [8/303], Loss: nan, Training-time: 1850.18
Epoch [3/10], Step [9/303], Loss: nan, Training-time: 1853.19
Epoch [3/10], Step [10/303], Loss: nan, Training-time: 1856.19
Epoch [3/10], Step [11/303], Loss: nan, Training-time: 1859.18
Epoch [3/10], Step [12/303], Loss: nan, Training-time: 1862.18
Epoch [3/10], Step [13/303], Loss: nan, Training-time: 1865.19
Epoch [3/10], Step [14/303], Loss: nan, Training-time: 1868.19
Epoch [3/10], Step [15/303], Loss: nan, Training-time: 1871.18
Epoch [3/10], Step [16/303], Loss: nan, Training-time: 1874.18
Epoch [3/10], Step [17/303], Loss: nan, Training-time: 1877.16
Epoch [3/10], Step [18/303], Loss: nan, Training-time: 1880.16
Epoch [3/10], Step [19/303], Loss: nan, Training-time: 1883.17
Epoch [3/10], Step [20/303], Loss: nan, Training-time: 1886.17
Epoch [3/10], Step [21/303], Loss: nan, Training-time: 1889.18
Epoch [3/10], Step [22/303], Loss: nan, Training-time: 1892.19
Epoch [3/10], Step [23/303], Loss: nan, Training-time: 1895.19
Epoch [3/10], Step [24/303], Loss: nan, Training-time: 1898.19
Epoch [3/10], Step [25/303], Loss: nan, Training-time: 1901.19
Epoch [3/10], Step [26/303], Loss: nan, Training-time: 1904.19
Epoch [3/10], Step [27/303], Loss: nan, Training-time: 1907.18
Epoch [3/10], Step [28/303], Loss: nan, Training-time: 1910.19
Epoch [3/10], Step [29/303], Loss: nan, Training-time: 1913.19
Epoch [3/10], Step [30/303], Loss: nan, Training-time: 1916.18
Epoch [3/10], Step [31/303], Loss: nan, Training-time: 1919.17
Epoch [3/10], Step [32/303], Loss: nan, Training-time: 1922.16
Epoch [3/10], Step [33/303], Loss: nan, Training-time: 1925.15
Epoch [3/10], Step [34/303], Loss: nan, Training-time: 1928.13
Epoch [3/10], Step [35/303], Loss: nan, Training-time: 1931.13
Epoch [3/10], Step [36/303], Loss: nan, Training-time: 1934.13
Epoch [3/10], Step [37/303], Loss: nan, Training-time: 1937.13
Epoch [3/10], Step [38/303], Loss: nan, Training-time: 1940.13
Epoch [3/10], Step [39/303], Loss: nan, Training-time: 1943.14
Epoch [3/10], Step [40/303], Loss: nan, Training-time: 1946.15
Epoch [3/10], Step [41/303], Loss: nan, Training-time: 1949.14
Epoch [3/10], Step [42/303], Loss: nan, Training-time: 1952.14
Epoch [3/10], Step [43/303], Loss: nan, Training-time: 1955.15
Epoch [3/10], Step [44/303], Loss: nan, Training-time: 1958.14
Epoch [3/10], Step [45/303], Loss: nan, Training-time: 1961.14
Epoch [3/10], Step [46/303], Loss: nan, Training-time: 1964.13
Epoch [3/10], Step [47/303], Loss: nan, Training-time: 1967.12
Epoch [3/10], Step [48/303], Loss: nan, Training-time: 1970.12
Epoch [3/10], Step [49/303], Loss: nan, Training-time: 1973.11
Epoch [3/10], Step [50/303], Loss: nan, Training-time: 1976.12
Epoch [3/10], Step [51/303], Loss: nan, Training-time: 1979.12
Epoch [3/10], Step [52/303], Loss: nan, Training-time: 1982.13
Epoch [3/10], Step [53/303], Loss: nan, Training-time: 1985.13
Epoch [3/10], Step [54/303], Loss: nan, Training-time: 1988.14
Epoch [3/10], Step [55/303], Loss: nan, Training-time: 1991.14
Epoch [3/10], Step [56/303], Loss: nan, Training-time: 1994.14
Epoch [3/10], Step [57/303], Loss: nan, Training-time: 1997.13
Epoch [3/10], Step [58/303], Loss: nan, Training-time: 2000.13
Epoch [3/10], Step [59/303], Loss: nan, Training-time: 2003.13
Epoch [3/10], Step [60/303], Loss: nan, Training-time: 2006.13
Epoch [3/10], Step [61/303], Loss: nan, Training-time: 2009.14
Epoch [3/10], Step [62/303], Loss: nan, Training-time: 2012.14
Epoch [3/10], Step [63/303], Loss: nan, Training-time: 2015.14
Epoch [3/10], Step [64/303], Loss: nan, Training-time: 2018.14
Epoch [3/10], Step [65/303], Loss: nan, Training-time: 2021.14
Epoch [3/10], Step [66/303], Loss: nan, Training-time: 2024.16
Epoch [3/10], Step [67/303], Loss: nan, Training-time: 2027.17
Epoch [3/10], Step [68/303], Loss: nan, Training-time: 2030.17
Epoch [3/10], Step [69/303], Loss: nan, Training-time: 2033.17
Epoch [3/10], Step [70/303], Loss: nan, Training-time: 2036.18
Epoch [3/10], Step [71/303], Loss: nan, Training-time: 2039.18
Epoch [3/10], Step [72/303], Loss: nan, Training-time: 2042.17
Epoch [3/10], Step [73/303], Loss: nan, Training-time: 2045.17
Epoch [3/10], Step [74/303], Loss: nan, Training-time: 2048.16
Epoch [3/10], Step [75/303], Loss: nan, Training-time: 2051.17
Epoch [3/10], Step [76/303], Loss: nan, Training-time: 2054.17
Epoch [3/10], Step [77/303], Loss: nan, Training-time: 2057.17
Epoch [3/10], Step [78/303], Loss: nan, Training-time: 2060.16
Epoch [3/10], Step [79/303], Loss: nan, Training-time: 2063.16
Epoch [3/10], Step [80/303], Loss: nan, Training-time: 2066.17
Epoch [3/10], Step [81/303], Loss: nan, Training-time: 2069.18
Epoch [3/10], Step [82/303], Loss: nan, Training-time: 2072.19
Epoch [3/10], Step [83/303], Loss: nan, Training-time: 2075.19
Epoch [3/10], Step [84/303], Loss: nan, Training-time: 2078.19
Epoch [3/10], Step [85/303], Loss: nan, Training-time: 2081.19
Epoch [3/10], Step [86/303], Loss: nan, Training-time: 2084.18
Epoch [3/10], Step [87/303], Loss: nan, Training-time: 2087.18
Epoch [3/10], Step [88/303], Loss: nan, Training-time: 2090.17
Epoch [3/10], Step [89/303], Loss: nan, Training-time: 2093.17
Epoch [3/10], Step [90/303], Loss: nan, Training-time: 2096.17
Epoch [3/10], Step [91/303], Loss: nan, Training-time: 2099.17
Epoch [3/10], Step [92/303], Loss: nan, Training-time: 2102.16
Epoch [3/10], Step [93/303], Loss: nan, Training-time: 2105.15
Epoch [3/10], Step [94/303], Loss: nan, Training-time: 2108.15
Epoch [3/10], Step [95/303], Loss: nan, Training-time: 2111.15
Epoch [3/10], Step [96/303], Loss: nan, Training-time: 2114.15
Epoch [3/10], Step [97/303], Loss: nan, Training-time: 2117.16
Epoch [3/10], Step [98/303], Loss: nan, Training-time: 2120.17
Epoch [3/10], Step [99/303], Loss: nan, Training-time: 2123.17
Epoch [3/10], Step [100/303], Loss: nan, Training-time: 2126.17
Epoch [3/10], Step [101/303], Loss: nan, Training-time: 2129.18
Epoch [3/10], Step [102/303], Loss: nan, Training-time: 2132.19
Epoch [3/10], Step [103/303], Loss: nan, Training-time: 2135.18
Epoch [3/10], Step [104/303], Loss: nan, Training-time: 2138.18
Epoch [3/10], Step [105/303], Loss: nan, Training-time: 2141.17
Epoch [3/10], Step [106/303], Loss: nan, Training-time: 2144.17
Epoch [3/10], Step [107/303], Loss: nan, Training-time: 2147.18
Epoch [3/10], Step [108/303], Loss: nan, Training-time: 2150.18
Epoch [3/10], Step [109/303], Loss: nan, Training-time: 2153.18
Epoch [3/10], Step [110/303], Loss: nan, Training-time: 2156.17
Epoch [3/10], Step [111/303], Loss: nan, Training-time: 2159.17
Epoch [3/10], Step [112/303], Loss: nan, Training-time: 2162.18
Epoch [3/10], Step [113/303], Loss: nan, Training-time: 2165.18
Epoch [3/10], Step [114/303], Loss: nan, Training-time: 2168.18
Epoch [3/10], Step [115/303], Loss: nan, Training-time: 2171.18
Epoch [3/10], Step [116/303], Loss: nan, Training-time: 2174.18
Epoch [3/10], Step [117/303], Loss: nan, Training-time: 2177.19
Epoch [3/10], Step [118/303], Loss: nan, Training-time: 2180.18
Epoch [3/10], Step [119/303], Loss: nan, Training-time: 2183.17
Epoch [3/10], Step [120/303], Loss: nan, Training-time: 2186.18
Epoch [3/10], Step [121/303], Loss: nan, Training-time: 2189.18
Epoch [3/10], Step [122/303], Loss: nan, Training-time: 2192.19
Epoch [3/10], Step [123/303], Loss: nan, Training-time: 2195.19
Epoch [3/10], Step [124/303], Loss: nan, Training-time: 2198.20
Epoch [3/10], Step [125/303], Loss: nan, Training-time: 2201.20
Epoch [3/10], Step [126/303], Loss: nan, Training-time: 2204.22
Epoch [3/10], Step [127/303], Loss: nan, Training-time: 2207.23
Epoch [3/10], Step [128/303], Loss: nan, Training-time: 2210.22
Epoch [3/10], Step [129/303], Loss: nan, Training-time: 2213.21
Epoch [3/10], Step [130/303], Loss: nan, Training-time: 2216.19
Epoch [3/10], Step [131/303], Loss: nan, Training-time: 2219.19
Epoch [3/10], Step [132/303], Loss: nan, Training-time: 2222.19
Epoch [3/10], Step [133/303], Loss: nan, Training-time: 2225.20
Epoch [3/10], Step [134/303], Loss: nan, Training-time: 2228.20
Epoch [3/10], Step [135/303], Loss: nan, Training-time: 2231.21
Epoch [3/10], Step [136/303], Loss: nan, Training-time: 2234.22
Epoch [3/10], Step [137/303], Loss: nan, Training-time: 2237.23
Epoch [3/10], Step [138/303], Loss: nan, Training-time: 2240.25
Epoch [3/10], Step [139/303], Loss: nan, Training-time: 2243.25
Epoch [3/10], Step [140/303], Loss: nan, Training-time: 2246.26
Epoch [3/10], Step [141/303], Loss: nan, Training-time: 2249.27
Epoch [3/10], Step [142/303], Loss: nan, Training-time: 2252.27
Epoch [3/10], Step [143/303], Loss: nan, Training-time: 2255.26
Epoch [3/10], Step [144/303], Loss: nan, Training-time: 2258.26
Epoch [3/10], Step [145/303], Loss: nan, Training-time: 2261.26
Epoch [3/10], Step [146/303], Loss: nan, Training-time: 2264.27
Epoch [3/10], Step [147/303], Loss: nan, Training-time: 2267.27
Epoch [3/10], Step [148/303], Loss: nan, Training-time: 2270.28
Epoch [3/10], Step [149/303], Loss: nan, Training-time: 2273.29
Epoch [3/10], Step [150/303], Loss: nan, Training-time: 2276.29
Epoch [3/10], Step [151/303], Loss: nan, Training-time: 2279.29
Epoch [3/10], Step [152/303], Loss: nan, Training-time: 2282.28
Epoch [3/10], Step [153/303], Loss: nan, Training-time: 2285.30
Epoch [3/10], Step [154/303], Loss: nan, Training-time: 2288.30
Epoch [3/10], Step [155/303], Loss: nan, Training-time: 2291.30
Epoch [3/10], Step [156/303], Loss: nan, Training-time: 2294.29
Epoch [3/10], Step [157/303], Loss: nan, Training-time: 2297.29
Epoch [3/10], Step [158/303], Loss: nan, Training-time: 2300.30
Epoch [3/10], Step [159/303], Loss: nan, Training-time: 2303.30
Epoch [3/10], Step [160/303], Loss: nan, Training-time: 2306.31
Epoch [3/10], Step [161/303], Loss: nan, Training-time: 2309.31
Epoch [3/10], Step [162/303], Loss: nan, Training-time: 2312.31
Epoch [3/10], Step [163/303], Loss: nan, Training-time: 2315.32
Epoch [3/10], Step [164/303], Loss: nan, Training-time: 2318.32
Epoch [3/10], Step [165/303], Loss: nan, Training-time: 2321.33
Epoch [3/10], Step [166/303], Loss: nan, Training-time: 2324.32
Epoch [3/10], Step [167/303], Loss: nan, Training-time: 2327.32
Epoch [3/10], Step [168/303], Loss: nan, Training-time: 2330.33
Epoch [3/10], Step [169/303], Loss: nan, Training-time: 2333.34
Epoch [3/10], Step [170/303], Loss: nan, Training-time: 2336.34
Epoch [3/10], Step [171/303], Loss: nan, Training-time: 2339.35
Epoch [3/10], Step [172/303], Loss: nan, Training-time: 2342.36
Epoch [3/10], Step [173/303], Loss: nan, Training-time: 2345.35
Epoch [3/10], Step [174/303], Loss: nan, Training-time: 2348.35
Epoch [3/10], Step [175/303], Loss: nan, Training-time: 2351.35
Epoch [3/10], Step [176/303], Loss: nan, Training-time: 2354.36
Epoch [3/10], Step [177/303], Loss: nan, Training-time: 2357.36
Epoch [3/10], Step [178/303], Loss: nan, Training-time: 2360.35
Epoch [3/10], Step [179/303], Loss: nan, Training-time: 2363.35
Epoch [3/10], Step [180/303], Loss: nan, Training-time: 2366.35
Epoch [3/10], Step [181/303], Loss: nan, Training-time: 2369.35
Epoch [3/10], Step [182/303], Loss: nan, Training-time: 2372.36
Epoch [3/10], Step [183/303], Loss: nan, Training-time: 2375.38
Epoch [3/10], Step [184/303], Loss: nan, Training-time: 2378.38
Epoch [3/10], Step [185/303], Loss: nan, Training-time: 2381.40
Epoch [3/10], Step [186/303], Loss: nan, Training-time: 2384.42
Epoch [3/10], Step [187/303], Loss: nan, Training-time: 2387.43
Epoch [3/10], Step [188/303], Loss: nan, Training-time: 2390.43
Epoch [3/10], Step [189/303], Loss: nan, Training-time: 2393.43
Epoch [3/10], Step [190/303], Loss: nan, Training-time: 2396.42
Epoch [3/10], Step [191/303], Loss: nan, Training-time: 2399.43
Epoch [3/10], Step [192/303], Loss: nan, Training-time: 2402.43
Epoch [3/10], Step [193/303], Loss: nan, Training-time: 2405.45
Epoch [3/10], Step [194/303], Loss: nan, Training-time: 2408.45
Epoch [3/10], Step [195/303], Loss: nan, Training-time: 2411.45
Epoch [3/10], Step [196/303], Loss: nan, Training-time: 2414.44
Epoch [3/10], Step [197/303], Loss: nan, Training-time: 2417.44
Epoch [3/10], Step [198/303], Loss: nan, Training-time: 2420.43
Epoch [3/10], Step [199/303], Loss: nan, Training-time: 2423.44
Epoch [3/10], Step [200/303], Loss: nan, Training-time: 2426.44
Epoch [3/10], Step [201/303], Loss: nan, Training-time: 2429.45
Epoch [3/10], Step [202/303], Loss: nan, Training-time: 2432.45
Epoch [3/10], Step [203/303], Loss: nan, Training-time: 2435.47
Epoch [3/10], Step [204/303], Loss: nan, Training-time: 2438.48
Epoch [3/10], Step [205/303], Loss: nan, Training-time: 2441.48
Epoch [3/10], Step [206/303], Loss: nan, Training-time: 2444.50
Epoch [3/10], Step [207/303], Loss: nan, Training-time: 2447.49
Epoch [3/10], Step [208/303], Loss: nan, Training-time: 2450.51
Epoch [3/10], Step [209/303], Loss: nan, Training-time: 2453.52
Epoch [3/10], Step [210/303], Loss: nan, Training-time: 2456.53
Epoch [3/10], Step [211/303], Loss: nan, Training-time: 2459.52
Epoch [3/10], Step [212/303], Loss: nan, Training-time: 2462.52
Epoch [3/10], Step [213/303], Loss: nan, Training-time: 2465.51
Epoch [3/10], Step [214/303], Loss: nan, Training-time: 2468.51
Epoch [3/10], Step [215/303], Loss: nan, Training-time: 2471.52
Epoch [3/10], Step [216/303], Loss: nan, Training-time: 2474.53
Epoch [3/10], Step [217/303], Loss: nan, Training-time: 2477.53
Epoch [3/10], Step [218/303], Loss: nan, Training-time: 2480.53
Epoch [3/10], Step [219/303], Loss: nan, Training-time: 2483.52
Epoch [3/10], Step [220/303], Loss: nan, Training-time: 2486.51
Epoch [3/10], Step [221/303], Loss: nan, Training-time: 2489.51
Epoch [3/10], Step [222/303], Loss: nan, Training-time: 2492.52
Epoch [3/10], Step [223/303], Loss: nan, Training-time: 2495.53
Epoch [3/10], Step [224/303], Loss: nan, Training-time: 2498.52
Epoch [3/10], Step [225/303], Loss: nan, Training-time: 2501.52
Epoch [3/10], Step [226/303], Loss: nan, Training-time: 2504.52
Epoch [3/10], Step [227/303], Loss: nan, Training-time: 2507.53
Epoch [3/10], Step [228/303], Loss: nan, Training-time: 2510.52
Epoch [3/10], Step [229/303], Loss: nan, Training-time: 2513.52
Epoch [3/10], Step [230/303], Loss: nan, Training-time: 2516.52
Epoch [3/10], Step [231/303], Loss: nan, Training-time: 2519.52
Epoch [3/10], Step [232/303], Loss: nan, Training-time: 2522.53
Epoch [3/10], Step [233/303], Loss: nan, Training-time: 2525.53
Epoch [3/10], Step [234/303], Loss: nan, Training-time: 2528.54
Epoch [3/10], Step [235/303], Loss: nan, Training-time: 2531.54
Epoch [3/10], Step [236/303], Loss: nan, Training-time: 2534.54
Epoch [3/10], Step [237/303], Loss: nan, Training-time: 2537.55
Epoch [3/10], Step [238/303], Loss: nan, Training-time: 2540.56
Epoch [3/10], Step [239/303], Loss: nan, Training-time: 2543.57
Epoch [3/10], Step [240/303], Loss: nan, Training-time: 2546.58
Epoch [3/10], Step [241/303], Loss: nan, Training-time: 2549.58
Epoch [3/10], Step [242/303], Loss: nan, Training-time: 2552.58
Epoch [3/10], Step [243/303], Loss: nan, Training-time: 2555.58
Epoch [3/10], Step [244/303], Loss: nan, Training-time: 2558.59
Epoch [3/10], Step [245/303], Loss: nan, Training-time: 2561.59
Epoch [3/10], Step [246/303], Loss: nan, Training-time: 2564.58
Epoch [3/10], Step [247/303], Loss: nan, Training-time: 2567.58
Epoch [3/10], Step [248/303], Loss: nan, Training-time: 2570.59
Epoch [3/10], Step [249/303], Loss: nan, Training-time: 2573.60
Epoch [3/10], Step [250/303], Loss: nan, Training-time: 2576.61
Epoch [3/10], Step [251/303], Loss: nan, Training-time: 2579.61
Epoch [3/10], Step [252/303], Loss: nan, Training-time: 2582.62
Epoch [3/10], Step [253/303], Loss: nan, Training-time: 2585.62
Epoch [3/10], Step [254/303], Loss: nan, Training-time: 2588.63
Epoch [3/10], Step [255/303], Loss: nan, Training-time: 2591.64
Epoch [3/10], Step [256/303], Loss: nan, Training-time: 2594.64
Epoch [3/10], Step [257/303], Loss: nan, Training-time: 2597.64
Epoch [3/10], Step [258/303], Loss: nan, Training-time: 2600.64
Epoch [3/10], Step [259/303], Loss: nan, Training-time: 2603.65
Epoch [3/10], Step [260/303], Loss: nan, Training-time: 2606.66
Epoch [3/10], Step [261/303], Loss: nan, Training-time: 2609.66
Epoch [3/10], Step [262/303], Loss: nan, Training-time: 2612.67
Epoch [3/10], Step [263/303], Loss: nan, Training-time: 2615.67
Epoch [3/10], Step [264/303], Loss: nan, Training-time: 2618.68
Epoch [3/10], Step [265/303], Loss: nan, Training-time: 2621.69
Epoch [3/10], Step [266/303], Loss: nan, Training-time: 2624.69
Epoch [3/10], Step [267/303], Loss: nan, Training-time: 2627.70
Epoch [3/10], Step [268/303], Loss: nan, Training-time: 2630.70
Epoch [3/10], Step [269/303], Loss: nan, Training-time: 2633.69
Epoch [3/10], Step [270/303], Loss: nan, Training-time: 2636.70
Epoch [3/10], Step [271/303], Loss: nan, Training-time: 2639.69
Epoch [3/10], Step [272/303], Loss: nan, Training-time: 2642.68
Epoch [3/10], Step [273/303], Loss: nan, Training-time: 2645.69
Epoch [3/10], Step [274/303], Loss: nan, Training-time: 2648.69
Epoch [3/10], Step [275/303], Loss: nan, Training-time: 2651.69
Epoch [3/10], Step [276/303], Loss: nan, Training-time: 2654.78
Epoch [3/10], Step [277/303], Loss: nan, Training-time: 2657.78
Epoch [3/10], Step [278/303], Loss: nan, Training-time: 2660.79
Epoch [3/10], Step [279/303], Loss: nan, Training-time: 2663.79
Epoch [3/10], Step [280/303], Loss: nan, Training-time: 2666.80
Epoch [3/10], Step [281/303], Loss: nan, Training-time: 2669.81
Epoch [3/10], Step [282/303], Loss: nan, Training-time: 2672.82
Epoch [3/10], Step [283/303], Loss: nan, Training-time: 2675.83
Epoch [3/10], Step [284/303], Loss: nan, Training-time: 2678.84
Epoch [3/10], Step [285/303], Loss: nan, Training-time: 2681.84
Epoch [3/10], Step [286/303], Loss: nan, Training-time: 2684.84
Epoch [3/10], Step [287/303], Loss: nan, Training-time: 2687.85
Epoch [3/10], Step [288/303], Loss: nan, Training-time: 2690.85
Epoch [3/10], Step [289/303], Loss: nan, Training-time: 2693.86
Epoch [3/10], Step [290/303], Loss: nan, Training-time: 2696.88
Epoch [3/10], Step [291/303], Loss: nan, Training-time: 2699.88
Epoch [3/10], Step [292/303], Loss: nan, Training-time: 2702.89
Epoch [3/10], Step [293/303], Loss: nan, Training-time: 2705.90
Epoch [3/10], Step [294/303], Loss: nan, Training-time: 2708.91
Epoch [3/10], Step [295/303], Loss: nan, Training-time: 2711.92
Epoch [3/10], Step [296/303], Loss: nan, Training-time: 2714.92
Epoch [3/10], Step [297/303], Loss: nan, Training-time: 2717.93
Epoch [3/10], Step [298/303], Loss: nan, Training-time: 2720.91
Epoch [3/10], Step [299/303], Loss: nan, Training-time: 2723.89
Epoch [3/10], Step [300/303], Loss: nan, Training-time: 2726.87
Epoch [3/10], Step [301/303], Loss: nan, Training-time: 2729.85
Epoch [3/10], Step [302/303], Loss: nan, Training-time: 2732.83
Epoch [3/10], Step [303/303], Loss: nan, Training-time: 2733.56
Epoch [4/10], Step [1/303], Loss: nan, Training-time: 2736.90
Epoch [4/10], Step [2/303], Loss: nan, Training-time: 2739.93
Epoch [4/10], Step [3/303], Loss: nan, Training-time: 2742.93
Epoch [4/10], Step [4/303], Loss: nan, Training-time: 2745.94
Epoch [4/10], Step [5/303], Loss: nan, Training-time: 2748.95
Epoch [4/10], Step [6/303], Loss: nan, Training-time: 2751.95
Epoch [4/10], Step [7/303], Loss: nan, Training-time: 2754.96
Epoch [4/10], Step [8/303], Loss: nan, Training-time: 2757.96
Epoch [4/10], Step [9/303], Loss: nan, Training-time: 2760.96
Epoch [4/10], Step [10/303], Loss: nan, Training-time: 2763.97
Epoch [4/10], Step [11/303], Loss: nan, Training-time: 2766.97
Epoch [4/10], Step [12/303], Loss: nan, Training-time: 2769.97
Epoch [4/10], Step [13/303], Loss: nan, Training-time: 2772.98
Epoch [4/10], Step [14/303], Loss: nan, Training-time: 2775.98
Epoch [4/10], Step [15/303], Loss: nan, Training-time: 2778.97
Epoch [4/10], Step [16/303], Loss: nan, Training-time: 2781.98
Epoch [4/10], Step [17/303], Loss: nan, Training-time: 2784.97
Epoch [4/10], Step [18/303], Loss: nan, Training-time: 2787.98
Epoch [4/10], Step [19/303], Loss: nan, Training-time: 2790.98
Epoch [4/10], Step [20/303], Loss: nan, Training-time: 2793.99
Epoch [4/10], Step [21/303], Loss: nan, Training-time: 2796.99
Epoch [4/10], Step [22/303], Loss: nan, Training-time: 2799.99
Epoch [4/10], Step [23/303], Loss: nan, Training-time: 2802.99
Epoch [4/10], Step [24/303], Loss: nan, Training-time: 2806.00
Epoch [4/10], Step [25/303], Loss: nan, Training-time: 2808.99
Epoch [4/10], Step [26/303], Loss: nan, Training-time: 2811.98
Epoch [4/10], Step [27/303], Loss: nan, Training-time: 2814.98
Epoch [4/10], Step [28/303], Loss: nan, Training-time: 2817.99
Epoch [4/10], Step [29/303], Loss: nan, Training-time: 2821.01
Epoch [4/10], Step [30/303], Loss: nan, Training-time: 2824.02
Epoch [4/10], Step [31/303], Loss: nan, Training-time: 2827.03
Epoch [4/10], Step [32/303], Loss: nan, Training-time: 2830.02
Epoch [4/10], Step [33/303], Loss: nan, Training-time: 2833.02
Epoch [4/10], Step [34/303], Loss: nan, Training-time: 2836.03
Epoch [4/10], Step [35/303], Loss: nan, Training-time: 2839.04
Epoch [4/10], Step [36/303], Loss: nan, Training-time: 2842.05
Epoch [4/10], Step [37/303], Loss: nan, Training-time: 2845.05
Epoch [4/10], Step [38/303], Loss: nan, Training-time: 2848.05
Epoch [4/10], Step [39/303], Loss: nan, Training-time: 2851.06
Epoch [4/10], Step [40/303], Loss: nan, Training-time: 2854.07
Epoch [4/10], Step [41/303], Loss: nan, Training-time: 2857.07
Epoch [4/10], Step [42/303], Loss: nan, Training-time: 2860.07
Epoch [4/10], Step [43/303], Loss: nan, Training-time: 2863.08
Epoch [4/10], Step [44/303], Loss: nan, Training-time: 2866.09
Epoch [4/10], Step [45/303], Loss: nan, Training-time: 2869.09
Epoch [4/10], Step [46/303], Loss: nan, Training-time: 2872.09
Epoch [4/10], Step [47/303], Loss: nan, Training-time: 2875.10
Epoch [4/10], Step [48/303], Loss: nan, Training-time: 2878.11
Epoch [4/10], Step [49/303], Loss: nan, Training-time: 2881.11
Epoch [4/10], Step [50/303], Loss: nan, Training-time: 2884.10
Epoch [4/10], Step [51/303], Loss: nan, Training-time: 2887.09
Epoch [4/10], Step [52/303], Loss: nan, Training-time: 2890.09
Epoch [4/10], Step [53/303], Loss: nan, Training-time: 2893.09
Epoch [4/10], Step [54/303], Loss: nan, Training-time: 2896.10
Epoch [4/10], Step [55/303], Loss: nan, Training-time: 2899.11
Epoch [4/10], Step [56/303], Loss: nan, Training-time: 2902.12
Epoch [4/10], Step [57/303], Loss: nan, Training-time: 2905.13
Epoch [4/10], Step [58/303], Loss: nan, Training-time: 2908.14
Epoch [4/10], Step [59/303], Loss: nan, Training-time: 2911.14
Epoch [4/10], Step [60/303], Loss: nan, Training-time: 2914.14
Epoch [4/10], Step [61/303], Loss: nan, Training-time: 2917.15
Epoch [4/10], Step [62/303], Loss: nan, Training-time: 2920.18
Epoch [4/10], Step [63/303], Loss: nan, Training-time: 2923.19
Epoch [4/10], Step [64/303], Loss: nan, Training-time: 2926.20
Epoch [4/10], Step [65/303], Loss: nan, Training-time: 2929.21
Epoch [4/10], Step [66/303], Loss: nan, Training-time: 2932.21
Epoch [4/10], Step [67/303], Loss: nan, Training-time: 2935.21
Epoch [4/10], Step [68/303], Loss: nan, Training-time: 2938.22
Epoch [4/10], Step [69/303], Loss: nan, Training-time: 2941.23
Epoch [4/10], Step [70/303], Loss: nan, Training-time: 2944.24
Epoch [4/10], Step [71/303], Loss: nan, Training-time: 2947.26
Epoch [4/10], Step [72/303], Loss: nan, Training-time: 2950.26
Epoch [4/10], Step [73/303], Loss: nan, Training-time: 2953.26
Epoch [4/10], Step [74/303], Loss: nan, Training-time: 2956.27
Epoch [4/10], Step [75/303], Loss: nan, Training-time: 2959.27
Epoch [4/10], Step [76/303], Loss: nan, Training-time: 2962.26
Epoch [4/10], Step [77/303], Loss: nan, Training-time: 2965.26
Epoch [4/10], Step [78/303], Loss: nan, Training-time: 2968.27
Epoch [4/10], Step [79/303], Loss: nan, Training-time: 2971.28
Epoch [4/10], Step [80/303], Loss: nan, Training-time: 2974.27
Epoch [4/10], Step [81/303], Loss: nan, Training-time: 2977.27
Epoch [4/10], Step [82/303], Loss: nan, Training-time: 2980.28
Epoch [4/10], Step [83/303], Loss: nan, Training-time: 2983.28
Epoch [4/10], Step [84/303], Loss: nan, Training-time: 2986.29
Epoch [4/10], Step [85/303], Loss: nan, Training-time: 2989.30
Epoch [4/10], Step [86/303], Loss: nan, Training-time: 2992.30
Epoch [4/10], Step [87/303], Loss: nan, Training-time: 2995.30
Epoch [4/10], Step [88/303], Loss: nan, Training-time: 2998.31
Epoch [4/10], Step [89/303], Loss: nan, Training-time: 3001.32
Epoch [4/10], Step [90/303], Loss: nan, Training-time: 3004.33
Epoch [4/10], Step [91/303], Loss: nan, Training-time: 3007.34
Epoch [4/10], Step [92/303], Loss: nan, Training-time: 3010.35
Epoch [4/10], Step [93/303], Loss: nan, Training-time: 3013.36
Epoch [4/10], Step [94/303], Loss: nan, Training-time: 3016.36
Epoch [4/10], Step [95/303], Loss: nan, Training-time: 3019.37
Epoch [4/10], Step [96/303], Loss: nan, Training-time: 3022.38
